#! /usr/local/iverilog/bin/vvp
:ivl_version "11.0 (devel)" "(s20150603-642-g3bdb50da)";
:ivl_delay_selection "TYPICAL";
:vpi_time_precision + 0;
:vpi_module "system";
:vpi_module "vhdl_sys";
:vpi_module "vhdl_textio";
:vpi_module "v2005_math";
:vpi_module "va_math";
S_000000000087fa60 .scope module, "testbench" "testbench" 2 91;
 .timescale 0 0;
v00000000008d8280_0 .var "a", 0 0;
v00000000008d8fa0_0 .var "b", 0 0;
v00000000008d9f40_0 .var "c", 0 0;
v00000000008d9cc0_0 .net "f1", 0 0, v00000000008d8780_0;  1 drivers
v00000000008d94a0_0 .net "f2", 0 0, v00000000008d8960_0;  1 drivers
v00000000008d8320_0 .net "f3", 0 0, v00000000008d88c0_0;  1 drivers
v00000000008d8a00_0 .net "f4", 0 0, v00000000008d83c0_0;  1 drivers
v00000000008d8b40_0 .net "f5", 0 0, v00000000008d81e0_0;  1 drivers
v00000000008d8460_0 .net "f6", 0 0, v00000000008d9220_0;  1 drivers
v00000000008d9180_0 .net "f7", 0 0, v00000000008d97c0_0;  1 drivers
v00000000008d8be0_0 .net "f8", 0 0, v000000000086b3c0_0;  1 drivers
v00000000008d9400_0 .net "f9", 0 0, v00000000008d8c80_0;  1 drivers
v00000000008d95e0_0 .var "i", 3 0;
S_000000000087c2a0 .scope module, "eight" "fNOR" 2 118, 2 54 0, S_000000000087fa60;
 .timescale 0 0;
    .port_info 0 /INPUT 1 "N";
    .port_info 1 /INPUT 1 "G";
    .port_info 2 /INPUT 1 "S";
    .port_info 3 /OUTPUT 1 "result";
v000000000086a6a0_0 .net "G", 0 0, v00000000008d8fa0_0;  1 drivers
v000000000086b140_0 .net "N", 0 0, v00000000008d8280_0;  1 drivers
v000000000086b320_0 .net "S", 0 0, v00000000008d9f40_0;  1 drivers
v000000000086b3c0_0 .var "result", 0 0;
E_000000000086f740 .event edge, v000000000086b3c0_0, v000000000086b320_0, v000000000086a6a0_0, v000000000086b140_0;
S_000000000087c430 .scope module, "five" "fXOR" 2 115, 2 27 0, S_000000000087fa60;
 .timescale 0 0;
    .port_info 0 /INPUT 1 "N";
    .port_info 1 /INPUT 1 "G";
    .port_info 2 /INPUT 1 "S";
    .port_info 3 /OUTPUT 1 "result";
v000000000086a4c0_0 .net "G", 0 0, v00000000008d8fa0_0;  alias, 1 drivers
v000000000086a880_0 .net "N", 0 0, v00000000008d8280_0;  alias, 1 drivers
v00000000008d92c0_0 .net "S", 0 0, v00000000008d9f40_0;  alias, 1 drivers
v00000000008d81e0_0 .var "result", 0 0;
E_000000000086f900 .event edge, v00000000008d81e0_0, v000000000086b320_0, v000000000086a6a0_0, v000000000086b140_0;
S_000000000087ca20 .scope module, "four" "fOR" 2 114, 2 18 0, S_000000000087fa60;
 .timescale 0 0;
    .port_info 0 /INPUT 1 "N";
    .port_info 1 /INPUT 1 "G";
    .port_info 2 /INPUT 1 "S";
    .port_info 3 /OUTPUT 1 "result";
v00000000008d85a0_0 .net "G", 0 0, v00000000008d8fa0_0;  alias, 1 drivers
v00000000008d8aa0_0 .net "N", 0 0, v00000000008d8280_0;  alias, 1 drivers
v00000000008d9ae0_0 .net "S", 0 0, v00000000008d9f40_0;  alias, 1 drivers
v00000000008d83c0_0 .var "result", 0 0;
E_000000000086f280 .event edge, v00000000008d83c0_0, v000000000086b320_0, v000000000086a6a0_0, v000000000086b140_0;
S_000000000087cbb0 .scope module, "nine" "fXNOR" 2 119, 2 63 0, S_000000000087fa60;
 .timescale 0 0;
    .port_info 0 /INPUT 1 "N";
    .port_info 1 /INPUT 1 "G";
    .port_info 2 /INPUT 1 "S";
    .port_info 3 /OUTPUT 1 "result";
v00000000008d86e0_0 .net "G", 0 0, v00000000008d8fa0_0;  alias, 1 drivers
v00000000008d9d60_0 .net "N", 0 0, v00000000008d8280_0;  alias, 1 drivers
v00000000008d8140_0 .net "S", 0 0, v00000000008d9f40_0;  alias, 1 drivers
v00000000008d8c80_0 .var "result", 0 0;
E_000000000086f240 .event edge, v00000000008d8c80_0, v000000000086b320_0, v000000000086a6a0_0, v000000000086b140_0;
S_0000000000875370 .scope module, "one" "fPSix" 2 111, 2 72 0, S_000000000087fa60;
 .timescale 0 0;
    .port_info 0 /INPUT 1 "N";
    .port_info 1 /INPUT 1 "G";
    .port_info 2 /INPUT 1 "S";
    .port_info 3 /OUTPUT 1 "result";
v00000000008d8d20_0 .net "G", 0 0, v00000000008d8fa0_0;  alias, 1 drivers
v00000000008d9360_0 .net "N", 0 0, v00000000008d8280_0;  alias, 1 drivers
v00000000008d9540_0 .net "S", 0 0, v00000000008d9f40_0;  alias, 1 drivers
v00000000008d8780_0 .var "result", 0 0;
E_000000000086fe40 .event edge, v00000000008d8780_0, v000000000086b320_0, v000000000086a6a0_0, v000000000086b140_0;
S_0000000000875500 .scope module, "seven" "fNAND" 2 117, 2 45 0, S_000000000087fa60;
 .timescale 0 0;
    .port_info 0 /INPUT 1 "N";
    .port_info 1 /INPUT 1 "G";
    .port_info 2 /INPUT 1 "S";
    .port_info 3 /OUTPUT 1 "result";
v00000000008d8820_0 .net "G", 0 0, v00000000008d8fa0_0;  alias, 1 drivers
v00000000008d8dc0_0 .net "N", 0 0, v00000000008d8280_0;  alias, 1 drivers
v00000000008d9720_0 .net "S", 0 0, v00000000008d9f40_0;  alias, 1 drivers
v00000000008d97c0_0 .var "result", 0 0;
E_000000000086f780 .event edge, v00000000008d97c0_0, v000000000086b320_0, v000000000086a6a0_0, v000000000086b140_0;
S_000000000094e000 .scope module, "six" "fNOT" 2 116, 2 36 0, S_000000000087fa60;
 .timescale 0 0;
    .port_info 0 /INPUT 1 "N";
    .port_info 1 /INPUT 1 "G";
    .port_info 2 /INPUT 1 "S";
    .port_info 3 /OUTPUT 1 "result";
v00000000008d8640_0 .net "G", 0 0, v00000000008d8fa0_0;  alias, 1 drivers
v00000000008d9860_0 .net "N", 0 0, v00000000008d8280_0;  alias, 1 drivers
v00000000008d8500_0 .net "S", 0 0, v00000000008d9f40_0;  alias, 1 drivers
v00000000008d9220_0 .var "result", 0 0;
E_000000000086f580 .event edge, v00000000008d9220_0, v000000000086b320_0, v000000000086a6a0_0, v000000000086b140_0;
S_000000000094e190 .scope module, "three" "fAND" 2 113, 2 9 0, S_000000000087fa60;
 .timescale 0 0;
    .port_info 0 /INPUT 1 "N";
    .port_info 1 /INPUT 1 "G";
    .port_info 2 /INPUT 1 "S";
    .port_info 3 /OUTPUT 1 "result";
v00000000008d9040_0 .net "G", 0 0, v00000000008d8fa0_0;  alias, 1 drivers
v00000000008d9900_0 .net "N", 0 0, v00000000008d8280_0;  alias, 1 drivers
v00000000008d8e60_0 .net "S", 0 0, v00000000008d9f40_0;  alias, 1 drivers
v00000000008d88c0_0 .var "result", 0 0;
E_000000000086f500 .event edge, v00000000008d88c0_0, v000000000086b320_0, v000000000086a6a0_0, v000000000086b140_0;
S_0000000000879700 .scope module, "two" "fPTwelve" 2 112, 2 81 0, S_000000000087fa60;
 .timescale 0 0;
    .port_info 0 /INPUT 1 "N";
    .port_info 1 /INPUT 1 "G";
    .port_info 2 /INPUT 1 "S";
    .port_info 3 /OUTPUT 1 "result";
v00000000008d90e0_0 .net "G", 0 0, v00000000008d8fa0_0;  alias, 1 drivers
v00000000008d8f00_0 .net "N", 0 0, v00000000008d8280_0;  alias, 1 drivers
v00000000008d9b80_0 .net "S", 0 0, v00000000008d9f40_0;  alias, 1 drivers
v00000000008d8960_0 .var "result", 0 0;
E_000000000086f7c0 .event edge, v00000000008d8960_0, v000000000086b320_0, v000000000086a6a0_0, v000000000086b140_0;
    .scope S_0000000000875370;
T_0 ;
    %wait E_000000000086fe40;
    %load/vec4 v00000000008d9360_0;
    %nor/r;
    %load/vec4 v00000000008d8d20_0;
    %nor/r;
    %and;
    %nor/r;
    %load/vec4 v00000000008d9360_0;
    %nor/r;
    %load/vec4 v00000000008d9540_0;
    %nor/r;
    %and;
    %nor/r;
    %and;
    %load/vec4 v00000000008d8d20_0;
    %nor/r;
    %load/vec4 v00000000008d9540_0;
    %nor/r;
    %and;
    %nor/r;
    %and;
    %store/vec4 v00000000008d8780_0, 0, 1;
    %jmp T_0;
    .thread T_0, $push;
    .scope S_0000000000879700;
T_1 ;
    %wait E_000000000086f7c0;
    %load/vec4 v00000000008d8f00_0;
    %load/vec4 v00000000008d90e0_0;
    %and;
    %load/vec4 v00000000008d8f00_0;
    %load/vec4 v00000000008d9b80_0;
    %and;
    %or;
    %load/vec4 v00000000008d90e0_0;
    %load/vec4 v00000000008d9b80_0;
    %and;
    %or;
    %store/vec4 v00000000008d8960_0, 0, 1;
    %jmp T_1;
    .thread T_1, $push;
    .scope S_000000000094e190;
T_2 ;
    %wait E_000000000086f500;
    %load/vec4 v00000000008d9900_0;
    %load/vec4 v00000000008d9040_0;
    %and;
    %load/vec4 v00000000008d8e60_0;
    %and;
    %store/vec4 v00000000008d88c0_0, 0, 1;
    %jmp T_2;
    .thread T_2, $push;
    .scope S_000000000087ca20;
T_3 ;
    %wait E_000000000086f280;
    %load/vec4 v00000000008d8aa0_0;
    %load/vec4 v00000000008d85a0_0;
    %or;
    %load/vec4 v00000000008d9ae0_0;
    %or;
    %store/vec4 v00000000008d83c0_0, 0, 1;
    %jmp T_3;
    .thread T_3, $push;
    .scope S_000000000087c430;
T_4 ;
    %wait E_000000000086f900;
    %load/vec4 v000000000086a880_0;
    %load/vec4 v000000000086a4c0_0;
    %xor;
    %load/vec4 v00000000008d92c0_0;
    %xor;
    %store/vec4 v00000000008d81e0_0, 0, 1;
    %jmp T_4;
    .thread T_4, $push;
    .scope S_000000000094e000;
T_5 ;
    %wait E_000000000086f580;
    %load/vec4 v00000000008d9860_0;
    %nor/r;
    %load/vec4 v00000000008d8640_0;
    %nor/r;
    %and;
    %load/vec4 v00000000008d8500_0;
    %nor/r;
    %and;
    %store/vec4 v00000000008d9220_0, 0, 1;
    %jmp T_5;
    .thread T_5, $push;
    .scope S_0000000000875500;
T_6 ;
    %wait E_000000000086f780;
    %load/vec4 v00000000008d8dc0_0;
    %load/vec4 v00000000008d8820_0;
    %and;
    %load/vec4 v00000000008d9720_0;
    %and;
    %nor/r;
    %store/vec4 v00000000008d97c0_0, 0, 1;
    %jmp T_6;
    .thread T_6, $push;
    .scope S_000000000087c2a0;
T_7 ;
    %wait E_000000000086f740;
    %load/vec4 v000000000086b140_0;
    %load/vec4 v000000000086a6a0_0;
    %or;
    %load/vec4 v000000000086b320_0;
    %or;
    %nor/r;
    %store/vec4 v000000000086b3c0_0, 0, 1;
    %jmp T_7;
    .thread T_7, $push;
    .scope S_000000000087cbb0;
T_8 ;
    %wait E_000000000086f240;
    %load/vec4 v00000000008d9d60_0;
    %load/vec4 v00000000008d86e0_0;
    %xor;
    %load/vec4 v00000000008d8140_0;
    %xor;
    %nor/r;
    %store/vec4 v00000000008d8c80_0, 0, 1;
    %jmp T_8;
    .thread T_8, $push;
    .scope S_000000000087fa60;
T_9 ;
    %vpi_call 2 125 "$display", " #|N|G|S||1|2|3|4|5|6|7|8|9" {0 0 0};
    %vpi_call 2 126 "$display", "==+=+=+=+=++=+=+=+=+=+=+=+=" {0 0 0};
    %pushi/vec4 0, 0, 4;
    %store/vec4 v00000000008d95e0_0, 0, 4;
T_9.0 ;
    %load/vec4 v00000000008d95e0_0;
    %pad/u 32;
    %cmpi/u 8, 0, 32;
    %jmp/0xz T_9.1, 5;
    %load/vec4 v00000000008d95e0_0;
    %pad/u 32;
    %pushi/vec4 4, 0, 32;
    %div;
    %pushi/vec4 2, 0, 32;
    %mod;
    %pad/u 1;
    %store/vec4 v00000000008d8280_0, 0, 1;
    %load/vec4 v00000000008d95e0_0;
    %pad/u 32;
    %pushi/vec4 2, 0, 32;
    %div;
    %pushi/vec4 2, 0, 32;
    %mod;
    %pad/u 1;
    %store/vec4 v00000000008d8fa0_0, 0, 1;
    %load/vec4 v00000000008d95e0_0;
    %pad/u 32;
    %pushi/vec4 1, 0, 32;
    %div;
    %pushi/vec4 2, 0, 32;
    %mod;
    %pad/u 1;
    %store/vec4 v00000000008d9f40_0, 0, 1;
    %delay 7, 0;
    %vpi_call 2 137 "$display", "%2d|%1d|%1d|%1d||%1d|%1d|%1d|%1d|%1d|%1d|%1d|%1d|%1d", v00000000008d95e0_0, v00000000008d8280_0, v00000000008d8fa0_0, v00000000008d9f40_0, v00000000008d9cc0_0, v00000000008d94a0_0, v00000000008d8320_0, v00000000008d8a00_0, v00000000008d8b40_0, v00000000008d8460_0, v00000000008d9180_0, v00000000008d8be0_0, v00000000008d9400_0 {0 0 0};
    %load/vec4 v00000000008d95e0_0;
    %addi 1, 0, 4;
    %store/vec4 v00000000008d95e0_0, 0, 4;
    %jmp T_9.0;
T_9.1 ;
    %vpi_call 2 140 "$display", "___________________________" {0 0 0};
    %delay 10, 0;
    %vpi_call 2 142 "$finish" {0 0 0};
    %end;
    .thread T_9;
# The file index is used to find the file name in the following table.
:file_names 3;
    "N/A";
    "<interactive>";
    "3bit-truth-table.v";
