#! /usr/local/iverilog/bin/vvp
:ivl_version "11.0 (devel)" "(s20150603-642-g3bdb50da)";
:ivl_delay_selection "TYPICAL";
:vpi_time_precision + 0;
:vpi_module "system";
:vpi_module "vhdl_sys";
:vpi_module "vhdl_textio";
:vpi_module "v2005_math";
:vpi_module "va_math";
S_000000000087f660 .scope module, "testbench" "testbench" 2 91;
 .timescale 0 0;
v00000000008d8f80_0 .var "a", 0 0;
v00000000008d8580_0 .var "b", 0 0;
v00000000008d7d60_0 .var "c", 0 0;
v00000000008d7720_0 .net "f1", 0 0, v00000000008d8300_0;  1 drivers
v00000000008d8bc0_0 .net "f2", 0 0, v00000000008d84e0_0;  1 drivers
v00000000008d7540_0 .net "f3", 0 0, v00000000008d8b20_0;  1 drivers
v00000000008d7860_0 .net "f4", 0 0, v00000000008d72c0_0;  1 drivers
v00000000008d8da0_0 .net "f5", 0 0, v00000000008d77c0_0;  1 drivers
v00000000008d7c20_0 .net "f6", 0 0, v00000000008d8080_0;  1 drivers
v00000000008d8c60_0 .net "f7", 0 0, v00000000008d8d00_0;  1 drivers
v00000000008d8e40_0 .net "f8", 0 0, v000000000086bbb0_0;  1 drivers
v00000000008d8ee0_0 .net "f9", 0 0, v00000000008d7e00_0;  1 drivers
v00000000008d7220_0 .var "i", 3 0;
S_000000000087b2a0 .scope module, "eight" "fNOR" 2 118, 2 54 0, S_000000000087f660;
 .timescale 0 0;
    .port_info 0 /INPUT 1 "N";
    .port_info 1 /INPUT 1 "G";
    .port_info 2 /INPUT 1 "S";
    .port_info 3 /OUTPUT 1 "result";
v000000000086ba70_0 .net "G", 0 0, v00000000008d8580_0;  1 drivers
v000000000086bb10_0 .net "N", 0 0, v00000000008d8f80_0;  1 drivers
v000000000086be30_0 .net "S", 0 0, v00000000008d7d60_0;  1 drivers
v000000000086bbb0_0 .var "result", 0 0;
E_000000000086d070 .event edge, v000000000086bbb0_0, v000000000086be30_0, v000000000086ba70_0, v000000000086bb10_0;
S_000000000087b430 .scope module, "five" "fXOR" 2 115, 2 27 0, S_000000000087f660;
 .timescale 0 0;
    .port_info 0 /INPUT 1 "N";
    .port_info 1 /INPUT 1 "G";
    .port_info 2 /INPUT 1 "S";
    .port_info 3 /OUTPUT 1 "result";
v000000000086bcf0_0 .net "G", 0 0, v00000000008d8580_0;  alias, 1 drivers
v000000000086c0b0_0 .net "N", 0 0, v00000000008d8f80_0;  alias, 1 drivers
v00000000008d8440_0 .net "S", 0 0, v00000000008d7d60_0;  alias, 1 drivers
v00000000008d77c0_0 .var "result", 0 0;
E_000000000086c6b0 .event edge, v00000000008d77c0_0, v000000000086be30_0, v000000000086ba70_0, v000000000086bb10_0;
S_000000000087ca30 .scope module, "four" "fOR" 2 114, 2 18 0, S_000000000087f660;
 .timescale 0 0;
    .port_info 0 /INPUT 1 "N";
    .port_info 1 /INPUT 1 "G";
    .port_info 2 /INPUT 1 "S";
    .port_info 3 /OUTPUT 1 "result";
v00000000008d70e0_0 .net "G", 0 0, v00000000008d8580_0;  alias, 1 drivers
v00000000008d8620_0 .net "N", 0 0, v00000000008d8f80_0;  alias, 1 drivers
v00000000008d8120_0 .net "S", 0 0, v00000000008d7d60_0;  alias, 1 drivers
v00000000008d72c0_0 .var "result", 0 0;
E_000000000086cef0 .event edge, v00000000008d72c0_0, v000000000086be30_0, v000000000086ba70_0, v000000000086bb10_0;
S_000000000087cbc0 .scope module, "nine" "fXNOR" 2 119, 2 63 0, S_000000000087f660;
 .timescale 0 0;
    .port_info 0 /INPUT 1 "N";
    .port_info 1 /INPUT 1 "G";
    .port_info 2 /INPUT 1 "S";
    .port_info 3 /OUTPUT 1 "result";
v00000000008d8260_0 .net "G", 0 0, v00000000008d8580_0;  alias, 1 drivers
v00000000008d88a0_0 .net "N", 0 0, v00000000008d8f80_0;  alias, 1 drivers
v00000000008d7680_0 .net "S", 0 0, v00000000008d7d60_0;  alias, 1 drivers
v00000000008d7e00_0 .var "result", 0 0;
E_000000000086c5b0 .event edge, v00000000008d7e00_0, v000000000086be30_0, v000000000086ba70_0, v000000000086bb10_0;
S_00000000008763d0 .scope module, "one" "fPSix" 2 111, 2 72 0, S_000000000087f660;
 .timescale 0 0;
    .port_info 0 /INPUT 1 "N";
    .port_info 1 /INPUT 1 "G";
    .port_info 2 /INPUT 1 "S";
    .port_info 3 /OUTPUT 1 "result";
v00000000008d7f40_0 .net "G", 0 0, v00000000008d8580_0;  alias, 1 drivers
v00000000008d8800_0 .net "N", 0 0, v00000000008d8f80_0;  alias, 1 drivers
v00000000008d86c0_0 .net "S", 0 0, v00000000008d7d60_0;  alias, 1 drivers
v00000000008d8300_0 .var "result", 0 0;
E_000000000086d330 .event edge, v00000000008d8300_0, v000000000086be30_0, v000000000086ba70_0, v000000000086bb10_0;
S_0000000000876560 .scope module, "seven" "fNAND" 2 117, 2 45 0, S_000000000087f660;
 .timescale 0 0;
    .port_info 0 /INPUT 1 "N";
    .port_info 1 /INPUT 1 "G";
    .port_info 2 /INPUT 1 "S";
    .port_info 3 /OUTPUT 1 "result";
v00000000008d7fe0_0 .net "G", 0 0, v00000000008d8580_0;  alias, 1 drivers
v00000000008d7ea0_0 .net "N", 0 0, v00000000008d8f80_0;  alias, 1 drivers
v00000000008d7180_0 .net "S", 0 0, v00000000008d7d60_0;  alias, 1 drivers
v00000000008d8d00_0 .var "result", 0 0;
E_000000000086cf30 .event edge, v00000000008d8d00_0, v000000000086be30_0, v000000000086ba70_0, v000000000086bb10_0;
S_0000000000879b10 .scope module, "six" "fNOT" 2 116, 2 36 0, S_000000000087f660;
 .timescale 0 0;
    .port_info 0 /INPUT 1 "N";
    .port_info 1 /INPUT 1 "G";
    .port_info 2 /INPUT 1 "S";
    .port_info 3 /OUTPUT 1 "result";
v00000000008d8940_0 .net "G", 0 0, v00000000008d8580_0;  alias, 1 drivers
v00000000008d89e0_0 .net "N", 0 0, v00000000008d8f80_0;  alias, 1 drivers
v00000000008d8a80_0 .net "S", 0 0, v00000000008d7d60_0;  alias, 1 drivers
v00000000008d8080_0 .var "result", 0 0;
E_000000000086cf70 .event edge, v00000000008d8080_0, v000000000086be30_0, v000000000086ba70_0, v000000000086bb10_0;
S_0000000000879ca0 .scope module, "three" "fAND" 2 113, 2 9 0, S_000000000087f660;
 .timescale 0 0;
    .port_info 0 /INPUT 1 "N";
    .port_info 1 /INPUT 1 "G";
    .port_info 2 /INPUT 1 "S";
    .port_info 3 /OUTPUT 1 "result";
v00000000008d8760_0 .net "G", 0 0, v00000000008d8580_0;  alias, 1 drivers
v00000000008d7cc0_0 .net "N", 0 0, v00000000008d8f80_0;  alias, 1 drivers
v00000000008d81c0_0 .net "S", 0 0, v00000000008d7d60_0;  alias, 1 drivers
v00000000008d8b20_0 .var "result", 0 0;
E_000000000086d0b0 .event edge, v00000000008d8b20_0, v000000000086be30_0, v000000000086ba70_0, v000000000086bb10_0;
S_0000000000876e90 .scope module, "two" "fPTwelve" 2 112, 2 81 0, S_000000000087f660;
 .timescale 0 0;
    .port_info 0 /INPUT 1 "N";
    .port_info 1 /INPUT 1 "G";
    .port_info 2 /INPUT 1 "S";
    .port_info 3 /OUTPUT 1 "result";
v00000000008d83a0_0 .net "G", 0 0, v00000000008d8580_0;  alias, 1 drivers
v00000000008d7a40_0 .net "N", 0 0, v00000000008d8f80_0;  alias, 1 drivers
v00000000008d7900_0 .net "S", 0 0, v00000000008d7d60_0;  alias, 1 drivers
v00000000008d84e0_0 .var "result", 0 0;
E_000000000086d0f0 .event edge, v00000000008d84e0_0, v000000000086be30_0, v000000000086ba70_0, v000000000086bb10_0;
    .scope S_00000000008763d0;
T_0 ;
    %wait E_000000000086d330;
    %load/vec4 v00000000008d8800_0;
    %nor/r;
    %load/vec4 v00000000008d7f40_0;
    %nor/r;
    %and;
    %nor/r;
    %load/vec4 v00000000008d8800_0;
    %nor/r;
    %load/vec4 v00000000008d86c0_0;
    %nor/r;
    %and;
    %nor/r;
    %and;
    %load/vec4 v00000000008d7f40_0;
    %nor/r;
    %load/vec4 v00000000008d86c0_0;
    %nor/r;
    %and;
    %nor/r;
    %and;
    %store/vec4 v00000000008d8300_0, 0, 1;
    %jmp T_0;
    .thread T_0, $push;
    .scope S_0000000000876e90;
T_1 ;
    %wait E_000000000086d0f0;
    %load/vec4 v00000000008d7a40_0;
    %load/vec4 v00000000008d83a0_0;
    %and;
    %load/vec4 v00000000008d7a40_0;
    %load/vec4 v00000000008d7900_0;
    %and;
    %or;
    %load/vec4 v00000000008d83a0_0;
    %load/vec4 v00000000008d7900_0;
    %and;
    %or;
    %store/vec4 v00000000008d84e0_0, 0, 1;
    %jmp T_1;
    .thread T_1, $push;
    .scope S_0000000000879ca0;
T_2 ;
    %wait E_000000000086d0b0;
    %load/vec4 v00000000008d7cc0_0;
    %load/vec4 v00000000008d8760_0;
    %and;
    %load/vec4 v00000000008d81c0_0;
    %and;
    %store/vec4 v00000000008d8b20_0, 0, 1;
    %jmp T_2;
    .thread T_2, $push;
    .scope S_000000000087ca30;
T_3 ;
    %wait E_000000000086cef0;
    %load/vec4 v00000000008d8620_0;
    %load/vec4 v00000000008d70e0_0;
    %or;
    %load/vec4 v00000000008d8120_0;
    %or;
    %store/vec4 v00000000008d72c0_0, 0, 1;
    %jmp T_3;
    .thread T_3, $push;
    .scope S_000000000087b430;
T_4 ;
    %wait E_000000000086c6b0;
    %load/vec4 v000000000086c0b0_0;
    %load/vec4 v000000000086bcf0_0;
    %xor;
    %load/vec4 v00000000008d8440_0;
    %xor;
    %store/vec4 v00000000008d77c0_0, 0, 1;
    %jmp T_4;
    .thread T_4, $push;
    .scope S_0000000000879b10;
T_5 ;
    %wait E_000000000086cf70;
    %load/vec4 v00000000008d89e0_0;
    %nor/r;
    %load/vec4 v00000000008d8940_0;
    %nor/r;
    %and;
    %load/vec4 v00000000008d8a80_0;
    %nor/r;
    %and;
    %store/vec4 v00000000008d8080_0, 0, 1;
    %jmp T_5;
    .thread T_5, $push;
    .scope S_0000000000876560;
T_6 ;
    %wait E_000000000086cf30;
    %load/vec4 v00000000008d7ea0_0;
    %load/vec4 v00000000008d7fe0_0;
    %and;
    %load/vec4 v00000000008d7180_0;
    %and;
    %nor/r;
    %store/vec4 v00000000008d8d00_0, 0, 1;
    %jmp T_6;
    .thread T_6, $push;
    .scope S_000000000087b2a0;
T_7 ;
    %wait E_000000000086d070;
    %load/vec4 v000000000086bb10_0;
    %load/vec4 v000000000086ba70_0;
    %or;
    %load/vec4 v000000000086be30_0;
    %or;
    %nor/r;
    %store/vec4 v000000000086bbb0_0, 0, 1;
    %jmp T_7;
    .thread T_7, $push;
    .scope S_000000000087cbc0;
T_8 ;
    %wait E_000000000086c5b0;
    %load/vec4 v00000000008d88a0_0;
    %load/vec4 v00000000008d8260_0;
    %xor;
    %load/vec4 v00000000008d7680_0;
    %xor;
    %nor/r;
    %store/vec4 v00000000008d7e00_0, 0, 1;
    %jmp T_8;
    .thread T_8, $push;
    .scope S_000000000087f660;
T_9 ;
    %vpi_call 2 125 "$display", " #|N|G|S||1|2|3|4|5|6|7|8|9" {0 0 0};
    %vpi_call 2 126 "$display", "==+=+=+=+=++=+=+=+=+=+=+=+=" {0 0 0};
    %pushi/vec4 0, 0, 4;
    %store/vec4 v00000000008d7220_0, 0, 4;
T_9.0 ;
    %load/vec4 v00000000008d7220_0;
    %pad/u 32;
    %cmpi/u 8, 0, 32;
    %jmp/0xz T_9.1, 5;
    %load/vec4 v00000000008d7220_0;
    %pad/u 32;
    %pushi/vec4 4, 0, 32;
    %div;
    %pushi/vec4 2, 0, 32;
    %mod;
    %pad/u 1;
    %store/vec4 v00000000008d8f80_0, 0, 1;
    %load/vec4 v00000000008d7220_0;
    %pad/u 32;
    %pushi/vec4 2, 0, 32;
    %div;
    %pushi/vec4 2, 0, 32;
    %mod;
    %pad/u 1;
    %store/vec4 v00000000008d8580_0, 0, 1;
    %load/vec4 v00000000008d7220_0;
    %pad/u 32;
    %pushi/vec4 1, 0, 32;
    %div;
    %pushi/vec4 2, 0, 32;
    %mod;
    %pad/u 1;
    %store/vec4 v00000000008d7d60_0, 0, 1;
    %delay 7, 0;
    %vpi_call 2 137 "$display", "%2d|%1d|%1d|%1d||%1d|%1d|%1d|%1d|%1d|%1d|%1d|%1d|%1d", v00000000008d7220_0, v00000000008d8f80_0, v00000000008d8580_0, v00000000008d7d60_0, v00000000008d7720_0, v00000000008d8bc0_0, v00000000008d7540_0, v00000000008d7860_0, v00000000008d8da0_0, v00000000008d7c20_0, v00000000008d8c60_0, v00000000008d8e40_0, v00000000008d8ee0_0 {0 0 0};
    %load/vec4 v00000000008d7220_0;
    %addi 1, 0, 4;
    %store/vec4 v00000000008d7220_0, 0, 4;
    %jmp T_9.0;
T_9.1 ;
    %vpi_call 2 140 "$display", "___________________________" {0 0 0};
    %delay 10, 0;
    %vpi_call 2 142 "$finish" {0 0 0};
    %end;
    .thread T_9;
# The file index is used to find the file name in the following table.
:file_names 3;
    "N/A";
    "<interactive>";
    "AXZ172330.HW1.v";
